1766816148,137,Очень странные дела / Stranger Things (5x05) — Пятая глава. Полный шок / Chapter Five: Shock Jock,http://127.0.0.1:11470/bdfd0d41c6f69b022e1df580f30ec0e0001cbed0/4,218
1766816181,137,Очень странные дела / Stranger Things (5x05) — Пятая глава. Полный шок / Chapter Five: Shock Jock,http://127.0.0.1:11470/bdfd0d41c6f69b022e1df580f30ec0e0001cbed0/4,218
1766816683,137,Очень странные дела / Stranger Things (5x05) — Пятая глава. Полный шок / Chapter Five: Shock Jock,http://127.0.0.1:11470/bdfd0d41c6f69b022e1df580f30ec0e0001cbed0/4,218
1766826159,58,.:: Stranger Things (2025) (Sezon 5) (Odcinek 6) - K83 ::.,http://127.0.0.1:11472/87b2e725da5a4ae28eb2867bc09a353c98300598/5,138
1766826333,58,.:: Stranger Things (2025) (Sezon 5) (Odcinek 6) - K83 ::.,http://127.0.0.1:11472/87b2e725da5a4ae28eb2867bc09a353c98300598/5,138
1766826371,,,http://127.0.0.1:11472/7b58ceec56edb16d5e1a84ba0cbdc23447f41063/0,78
1766829553,,,http://127.0.0.1:11472/2edf197b64a9362453db66581680338ba3b7b3b1/0,78
1766829790,22,5x07 - COMANDOPLAY.COM,http://127.0.0.1:11472/9404af26a44c22a35035804900d08adb9ed21dc1/3,102
1766830189,22,5x07 - COMANDOPLAY.COM,/home/aron/Videos/Stranger.Things.S05.VOLUME.02.1080p.WEB-DL.DUAL.5.1/Stranger.Things.S05E07.1080p.WEB-DL.DUAL.5.1.mkv,155
1766830195,22,5x07 - COMANDOPLAY.COM,/home/aron/Videos/Stranger.Things.S05.VOLUME.02.1080p.WEB-DL.DUAL.5.1/Stranger.Things.S05E07.1080p.WEB-DL.DUAL.5.1.mkv,155
1767239597,,,/home/aron/Videos/www.UIndex.org    -    Stranger Things S05E08 Chapter Eight The Rightside Up 1080p NF WEB-DL DDP5 1 H 264-NTb/Stranger Things S05E08 Chapter Eight The Rightside Up 1080p NF WEB-DL DDP5 1 H 264-NTb.mkv,231
1767239609,,,/home/aron/Videos/www.UIndex.org    -    Stranger Things S05E08 Chapter Eight The Rightside Up 1080p NF WEB-DL DDP5 1 H 264-NTb/Stranger Things S05E08 Chapter Eight The Rightside Up 1080p NF WEB-DL DDP5 1 H 264-NTb.mkv,231
1767710030,81,Sadie Sink Thinks Eleven Died in the Stranger Things 5 Finale | The Tonight Show,https://www.youtube.com/watch?v=qUK4TjFlnSE,139
1767710068,81,Sadie Sink Thinks Eleven Died in the Stranger Things 5 Finale | The Tonight Show,https://www.youtube.com/watch?v=qUK4TjFlnSE,139
1767712083,,,/home/aron/Videos/Sync/www.UIndex.org    -    Pluribus S01E01 We Is Us 2160p ATVP WEB-DL DDP5 1 Atmos DV HDR H 265-FLUX/Pluribus S01E01 We Is Us 2160p ATVP WEB-DL DDP5 1 Atmos DV HDR H 265-FLUX.mkv,210
1767712200,,,/home/aron/Videos/Sync/www.UIndex.org    -    Pluribus S01E01 We Is Us REPACK 2160p ATVP WEB-DL DDP5 1 Atmos DV HDR10Plus H 265-Kitsune/Pluribus S01E01 We Is Us REPACK 2160p ATVP WEB-DL DDP5 1 Atmos DV HDR10Plus H 265-Kitsune.mkv,242
1767714432,,,/home/aron/Videos/Sync/www.UIndex.org    -    Pluribus S01E01 We Is Us REPACK 2160p ATVP WEB-DL DDP5 1 Atmos DV HDR10Plus H 265-Kitsune/Pluribus S01E01 We Is Us REPACK 2160p ATVP WEB-DL DDP5 1 Atmos DV HDR10Plus H 265-Kitsune.mkv,242
1767781663,,,/home/aron/Videos/www.UIndex.org    -    Pluribus S01E04 Please Carol 2160p ATVP WEB-DL DDP5 1 Atmos DV HDR H 265-FLUX/Pluribus S01E04 Please Carol 2160p ATVP WEB-DL DDP5 1 Atmos DV HDR H 265-FLUX.mkv,213
1767782087,,,/home/aron/Videos/www.UIndex.org    -    Pluribus S01E04 Please Carol REPACK 1080p ATVP WEB-DL DDP5 1 Atmos H 264-Kitsune/Pluribus S01E04 Please Carol REPACK 1080p ATVP WEB-DL DDP5 1 Atmos H 264-Kitsune.mkv,219
1767782321,,,/home/aron/Videos/www.UIndex.org    -    Pluribus S01E04 Please Carol REPACK 1080p ATVP WEB-DL DDP5 1 Atmos H 264-Kitsune/Pluribus S01E04 Please Carol REPACK 1080p ATVP WEB-DL DDP5 1 Atmos H 264-Kitsune.mkv,219
1767788004,,,/home/aron/Videos/www.UIndex.org    -    Pluribus S01E05 Got Milk 2160p ATVP WEB-DL DDP5 1 Atmos DV HDR H 265-FLUX/Pluribus S01E05 Got Milk 2160p ATVP WEB-DL DDP5 1 Atmos DV HDR H 265-FLUX.mkv,205
1767788297,,,/home/aron/Videos/www.UIndex.org    -    Pluribus S01E05 Got Milk 2160p ATVP WEB-DL DDP5 1 Atmos DV HDR H 265-FLUX/Pluribus S01E05 Got Milk 2160p ATVP WEB-DL DDP5 1 Atmos DV HDR H 265-FLUX.mkv,205
1767798918,,,/home/aron/Videos/www.UIndex.org    -    Pluribus S01E04 Please Carol REPACK 1080p ATVP WEB-DL DDP5 1 Atmos H 264-Kitsune/Pluribus S01E04 Please Carol REPACK 1080p ATVP WEB-DL DDP5 1 Atmos H 264-Kitsune.mkv,219
1767798933,,,/home/aron/Videos/www.UIndex.org    -    Pluribus S01E05 Got Milk 2160p ATVP WEB-DL DDP5 1 Atmos DV HDR H 265-FLUX/Pluribus S01E05 Got Milk 2160p ATVP WEB-DL DDP5 1 Atmos DV HDR H 265-FLUX.mkv,205
1767802194,,,/home/aron/Videos/Sync/Pluribus S01E05 Got Milk 2160p ATVP WEB-DL DDP5 1 Atmos DV HDR H 265-FLUX.mkv,113
1767802747,,,/home/aron/Videos/www.UIndex.org    -    Pluribus S01E06 HDP 2160p ATVP WEB-DL DDP5 1 DV HDR H 265-NTb/Pluribus S01E06 HDP 2160p ATVP WEB-DL DDP5 1 DV HDR H 265-NTb.mkv,181
1767887991,,,/home/aron/Videos/www.UIndex.org    -    Pluribus.S01E09.FINAL.MULTI.1080p.WEB.H264-HiggsBoson/Pluribus.S01E09.FINAL.MULTI.1080p.WEB.H264-HiggsBoson.mkv,165
1767888340,62,Pluribus.S01E09.2160p.ATVP.WEB-DL.DV.HDR10+.MULTi[Ben The Men],http://127.0.0.1:11470/f3969aed65af1e6c736c75cabb9350a33d68917e/8,142
1767888551,,,/home/aron/Videos/Pluribus.S01E09.2160p.WEB.h265-ETHEL/Pluribus.S01E09.2160p.WEB.h265-ETHEL.mkv,108
1767888794,,,/home/aron/Videos/Pluribus.S01E09.2160p.WEB.h265-ETHEL/Pluribus.S01E09.2160p.WEB.h265-ETHEL.mkv,108
1767888888,,,/home/aron/Videos/Pluribus.S01E09.2160p.WEB.h265-ETHEL/Pluribus.S01E09.2160p.WEB.h265-ETHEL.mkv,108
1767889189,,,/home/aron/Videos/Pluribus.S01E09.2160p.WEB.h265-ETHEL/Pluribus.S01E09.2160p.WEB.h265-ETHEL.mkv,108
1767889774,,,/home/aron/Videos/Pluribus.S01E09.2160p.WEB.h265-ETHEL/Pluribus.S01E09.2160p.WEB.h265-ETHEL.mkv,108
1768026921,,,/home/aron/Videos/www.UIndex.org    -    Ne Zha 2 (2025) 2160p 4K WEB 5.1-WORLD/Ne.Zha.2.2025.2160p.4K.WEB.x265.10bit.AAC5.1-WORLD.mkv,147
1768110271,101,[Anime Land] Ne Zha (2019) (Dual Audio) (UHD BDRip 1080p HEVC HDR10 DTS+AC3) CHINESE [Encode By Omar],/home/aron/Videos/[Anime Land] Ne Zha (2019) (Dual Audio) (UHD BDRip 1080p HEVC HDR10 DTS+AC3) CHINESE [AAB64623].mkv,234
1768234548,,,/home/aron/Videos/Dark (2017) Season 1-3 S01-S03 (1080p NF WEB-DL x265 HEVC 10bit EAC3 5.1 German Ghost)/Season 1/Dark (2017) - S01E01 - Secrets (1080p NF WEB-DL x265 Ghost).mkv,190
1768303141,,,/home/aron/Videos/Dark (2017) Season 1-3 S01-S03 (1080p NF WEB-DL x265 HEVC 10bit EAC3 5.1 German Ghost)/Season 1/Dark (2017) - S01E01 - Secrets (1080p NF WEB-DL x265 Ghost).mkv,190
1768309775,,,/home/aron/Videos/Dark (2017) Season 1-3 S01-S03 (1080p NF WEB-DL x265 HEVC 10bit EAC3 5.1 German Ghost)/Season 1/Dark (2017) - S01E02 - Lies (1080p NF WEB-DL x265 Ghost).mkv,187
1768313537,,,/home/aron/Videos/Sync/Season 1/Dark (2017) - S01E01 - Secrets (1080p NF WEB-DL x265 Ghost).mkv,108
1768313542,,,/home/aron/Videos/Sync/Season 1/Dark (2017) - S01E02 - Lies (1080p NF WEB-DL x265 Ghost).mkv,105
1768315567,,,/home/aron/Videos/Sync/Season 1/Dark (2017) - S01E03 - Past and Present (1080p NF WEB-DL x265 Ghost).mkv,117
1768321838,,,/home/aron/Videos/Sync/Season 1/Dark (2017) - S01E01 - Secrets (1080p NF WEB-DL x265 Ghost).mkv,108
1768321842,,,/home/aron/Videos/Sync/Season 1/Dark (2017) - S01E02 - Lies (1080p NF WEB-DL x265 Ghost).mkv,105
1768321843,,,/home/aron/Videos/Sync/Season 1/Dark (2017) - S01E03 - Past and Present (1080p NF WEB-DL x265 Ghost).mkv,117
1768321844,,,/home/aron/Videos/Sync/Season 1/Dark (2017) - S01E04 - Double Lives (1080p NF WEB-DL x265 Ghost).mkv,113
1768325142,,,/home/aron/Videos/Sync/Season 1/Dark (2017) - S01E05 - Truths (1080p NF WEB-DL x265 Ghost).mkv,107
1768407986,,,/home/aron/Videos/Sync/Season 1/Dark (2017) - S01E09 - Everything Is Now (1080p NF WEB-DL x265 Ghost).mkv,118
1768408034,,,/home/aron/Videos/Sync/Season 1/Dark (2017) - S01E08 - As You Sow, so You Shall Reap (1080p NF WEB-DL x265 Ghost).mkv,130
1768408073,,,/home/aron/Videos/Sync/Season 1/Dark (2017) - S01E09 - Everything Is Now (1080p NF WEB-DL x265 Ghost).mkv,118
1768412448,,,/home/aron/Videos/Sync/Season 1/Dark (2017) - S01E10 - Alpha and Omega (1080p NF WEB-DL x265 Ghost).mkv,116
1768482156,,,/home/aron/Videos/Dark (2017) Season 1-3 S01-S03 (1080p NF WEB-DL x265 HEVC 10bit EAC3 5.1 German Ghost)/Season 1/Dark (2017) - S01E01 - Secrets (1080p NF WEB-DL x265 Ghost).mkv,190
1768482175,,,/home/aron/Videos/Dark (2017) Season 1-3 S01-S03 (1080p NF WEB-DL x265 HEVC 10bit EAC3 5.1 German Ghost)/Season 1/Dark (2017) - S01E01 - Secrets (1080p NF WEB-DL x265 Ghost).mkv,190
1768482236,,,/home/aron/Videos/Dark (2017) Season 1-3 S01-S03 (1080p NF WEB-DL x265 HEVC 10bit EAC3 5.1 German Ghost)/Season 1/Dark (2017) - S01E01 - Secrets (1080p NF WEB-DL x265 Ghost).mkv,190
1768482291,,,/home/aron/Videos/Dark (2017) Season 1-3 S01-S03 (1080p NF WEB-DL x265 HEVC 10bit EAC3 5.1 German Ghost)/Season 1/Dark (2017) - S01E01 - Secrets (1080p NF WEB-DL x265 Ghost).mkv,190
1768482534,,,/home/aron/Videos/Dark (2017) Season 1-3 S01-S03 (1080p NF WEB-DL x265 HEVC 10bit EAC3 5.1 German Ghost)/Season 1/Dark (2017) - S01E01 - Secrets (1080p NF WEB-DL x265 Ghost).mkv,190
1768483607,,,/home/aron/Videos/Dark (2017) Season 1-3 S01-S03 (1080p NF WEB-DL x265 HEVC 10bit EAC3 5.1 German Ghost)/Season 1/Dark (2017) - S01E01 - Secrets (1080p NF WEB-DL x265 Ghost).mkv,190
1768483615,,,/home/aron/Videos/Dark (2017) Season 1-3 S01-S03 (1080p NF WEB-DL x265 HEVC 10bit EAC3 5.1 German Ghost)/Season 1/Dark (2017) - S01E01 - Secrets (1080p NF WEB-DL x265 Ghost).mkv,190
1768483651,,,/home/aron/Videos/Dark (2017) Season 1-3 S01-S03 (1080p NF WEB-DL x265 HEVC 10bit EAC3 5.1 German Ghost)/Season 1/Dark (2017) - S01E01 - Secrets (1080p NF WEB-DL x265 Ghost).mkv,190
1768483731,,,/home/aron/Videos/Dark (2017) Season 1-3 S01-S03 (1080p NF WEB-DL x265 HEVC 10bit EAC3 5.1 German Ghost)/Season 1/Dark (2017) - S01E01 - Secrets (1080p NF WEB-DL x265 Ghost).mkv,190
1768484730,,,/home/aron/Videos/Dark (2017) Season 1-3 S01-S03 (1080p NF WEB-DL x265 HEVC 10bit EAC3 5.1 German Ghost)/Season 1/Dark (2017) - S01E02 - Lies (1080p NF WEB-DL x265 Ghost).mkv,187
1768484779,,,/home/aron/Videos/Dark (2017) Season 1-3 S01-S03 (1080p NF WEB-DL x265 HEVC 10bit EAC3 5.1 German Ghost)/Season 1/Dark (2017) - S01E03 - Past and Present (1080p NF WEB-DL x265 Ghost).mkv,199
1768484779,,,/home/aron/Videos/Dark (2017) Season 1-3 S01-S03 (1080p NF WEB-DL x265 HEVC 10bit EAC3 5.1 German Ghost)/Season 1/Dark (2017) - S01E02 - Lies (1080p NF WEB-DL x265 Ghost).mkv,187
1768484781,,,/home/aron/Videos/Dark (2017) Season 1-3 S01-S03 (1080p NF WEB-DL x265 HEVC 10bit EAC3 5.1 German Ghost)/Season 1/Dark (2017) - S01E02 - Lies (1080p NF WEB-DL x265 Ghost).mkv,187
1768484783,,,/home/aron/Videos/Dark (2017) Season 1-3 S01-S03 (1080p NF WEB-DL x265 HEVC 10bit EAC3 5.1 German Ghost)/Season 1/Dark (2017) - S01E02 - Lies (1080p NF WEB-DL x265 Ghost).mkv,187
1768484823,,,/home/aron/Videos/Dark (2017) Season 1-3 S01-S03 (1080p NF WEB-DL x265 HEVC 10bit EAC3 5.1 German Ghost)/Season 1/Dark (2017) - S01E01 - Secrets (1080p NF WEB-DL x265 Ghost).mkv,190
1768487541,,,/home/aron/Videos/Dark (2017) Season 1-3 S01-S03 (1080p NF WEB-DL x265 HEVC 10bit EAC3 5.1 German Ghost)/Season 1/Dark (2017) - S01E03 - Past and Present (1080p NF WEB-DL x265 Ghost).mkv,199
1768487577,,,/home/aron/Videos/Dark (2017) Season 1-3 S01-S03 (1080p NF WEB-DL x265 HEVC 10bit EAC3 5.1 German Ghost)/Season 1/Dark (2017) - S01E03 - Past and Present (1080p NF WEB-DL x265 Ghost).mkv,199
1768487584,,,/home/aron/Videos/Dark (2017) Season 1-3 S01-S03 (1080p NF WEB-DL x265 HEVC 10bit EAC3 5.1 German Ghost)/Season 1/Dark (2017) - S01E03 - Past and Present (1080p NF WEB-DL x265 Ghost).mkv,199
1768487592,,,/home/aron/Videos/Dark (2017) Season 1-3 S01-S03 (1080p NF WEB-DL x265 HEVC 10bit EAC3 5.1 German Ghost)/Season 1/Dark (2017) - S01E04 - Double Lives (1080p NF WEB-DL x265 Ghost).mkv,195
1768573346,,,/home/aron/Videos/Dark (2017) Season 1-3 S01-S03 (1080p NF WEB-DL x265 HEVC 10bit EAC3 5.1 German Ghost)/Season 2/Dark (2017) - S02E01 - Beginnings and Endings (1080p NF WEB-DL x265 Ghost).mkv,205
1768581091,,,/home/aron/Videos/Dark (2017) Season 1-3 S01-S03 (1080p NF WEB-DL x265 HEVC 10bit EAC3 5.1 German Ghost)/Season 2/Dark (2017) - S02E02 - Dark Matter (1080p NF WEB-DL x265 Ghost).mkv,194
1768630994,,,/home/aron/Videos/Sync/Season 2/Dark (2017) - S02E03 - Ghosts (1080p NF WEB-DL x265 Ghost).mkv,107
1768632457,,,/home/aron/Videos/Sync/Season 2/Dark (2017) - S02E04 - The Travelers (1080p NF WEB-DL x265 Ghost).mkv,114
1768639587,,,/home/aron/Videos/Sync/Season 2/Dark (2017) - S02E05 - Lost and Found (1080p NF WEB-DL x265 Ghost).mkv,115
1768661520,,,/home/aron/Videos/Sync/Season 2/Dark (2017) - S02E06 - An Endless Cycle (1080p NF WEB-DL x265 Ghost).mkv,117
1768661531,,,/home/aron/Videos/Sync/Season 2/Dark (2017) - S02E07 - The White Devil (1080p NF WEB-DL x265 Ghost).mkv,116
1768712949,,,/home/aron/Videos/Sync/Season 2/Dark (2017) - S02E08 - Endings and Beginnings (1080p NF WEB-DL x265 Ghost).mkv,123
